<?xml version="1.0" encoding="UTF-8"?>
<!-- Generated by org.testng.reporters.JUnitXMLReporter -->
<testsuite ignored="0" hostname="DESKTOP-G7O44RL" failures="1" tests="2" name="Test" time="39.19" errors="0" timestamp="2024-03-13T14:51:06 IST">
  <testcase classname="TestCases.LoginTest" name="logintest" time="12.718">
    <failure type="java.lang.AssertionError" message="expected [true] but found [false]">
      <![CDATA[java.lang.AssertionError: expected [true] but found [false]
at TestCases.LoginTest.logintest(LoginTest.java:60)
at java.base/java.util.ArrayList.forEach(ArrayList.java:1511)
... Removed 31 stack frames]]>
    </failure>
  </testcase> <!-- logintest -->
  <testcase classname="TestCases.LoginTest" name="logintest" time="8.332"/>
</testsuite> <!-- Test -->
