<?xml version="1.0" encoding="UTF-8"?>
<testng-results ignored="0" total="1" passed="1" failed="0" skipped="0">
  <reporter-output>
  </reporter-output>
  <suite started-at="2024-03-26T12:16:12 IST" name="Suite" finished-at="2024-03-26T12:18:05 IST" duration-ms="113463">
    <groups>
    </groups>
    <test started-at="2024-03-26T12:16:12 IST" name="Test" finished-at="2024-03-26T12:18:05 IST" duration-ms="113463">
      <class name="TestCases.LoginTestSearch">
        <test-method is-config="true" signature="openapplication()[pri:0, instance:TestCases.LoginTestSearch@6150c3ec]" started-at="2024-03-26T12:16:12 IST" name="openapplication" finished-at="2024-03-26T12:16:29 IST" duration-ms="17037" status="PASS">
          <reporter-output>
          </reporter-output>
        </test-method> <!-- openapplication -->
        <test-method signature="logintest()[pri:0, instance:TestCases.LoginTestSearch@6150c3ec]" started-at="2024-03-26T12:16:29 IST" name="logintest" finished-at="2024-03-26T12:18:05 IST" duration-ms="96010" status="PASS">
          <reporter-output>
          </reporter-output>
        </test-method> <!-- logintest -->
        <test-method is-config="true" signature="CloseApplication()[pri:0, instance:TestCases.LoginTestSearch@6150c3ec]" started-at="2024-03-26T12:18:05 IST" name="CloseApplication" finished-at="2024-03-26T12:18:05 IST" duration-ms="90" status="PASS">
          <reporter-output>
          </reporter-output>
        </test-method> <!-- CloseApplication -->
      </class> <!-- TestCases.LoginTestSearch -->
    </test> <!-- Test -->
  </suite> <!-- Suite -->
</testng-results>
